<?xml version="1.0" encoding="UTF-8"?>
<!-- Generated by org.testng.reporters.JUnitReportReporter -->
<testsuite hostname="DESKTOP-NA2JSR3" failures="0" tests="3" name="cucumber.Options.Runner" time="5.258" errors="0" timestamp="2024-07-20T10:55:07 IST" skipped="0">
  <testcase classname="cucumber.Options.Runner" name="runScenario" time="0.238"/>
  <testcase classname="cucumber.Options.Runner" name="runScenario" time="0.209"/>
  <testcase classname="cucumber.Options.Runner" name="runScenario" time="4.811"/>
</testsuite> <!-- cucumber.Options.Runner -->
