<?xml version="1.0" encoding="UTF-8"?>
<!-- Generated by org.testng.reporters.JUnitReportReporter -->
<testsuite hostname="DESKTOP-NA2JSR3" failures="0" tests="3" name="cucumber.Options.Runner" time="4.458" errors="0" timestamp="2024-07-21T16:31:38 IST" skipped="0">
  <testcase classname="cucumber.Options.Runner" name="runScenario" time="4.080"/>
  <testcase classname="cucumber.Options.Runner" name="runScenario" time="0.184"/>
  <testcase classname="cucumber.Options.Runner" name="runScenario" time="0.194"/>
</testsuite> <!-- cucumber.Options.Runner -->
