<?xml version="1.0" encoding="UTF-8"?>
<!-- Generated by org.testng.reporters.JUnitReportReporter -->
<testsuite hostname="DESKTOP-NA2JSR3" failures="0" tests="3" name="cucumber.Options.Runner" time="5.660" errors="0" timestamp="2024-07-25T14:55:06 IST" skipped="0">
  <testcase classname="cucumber.Options.Runner" name="runScenario" time="0.143"/>
  <testcase classname="cucumber.Options.Runner" name="runScenario" time="5.271"/>
  <testcase classname="cucumber.Options.Runner" name="runScenario" time="0.246"/>
</testsuite> <!-- cucumber.Options.Runner -->
