<?xml version="1.0" encoding="UTF-8"?>
<!-- Generated by org.testng.reporters.JUnitReportReporter -->
<testsuite hostname="DESKTOP-NA2JSR3" failures="0" tests="3" name="sample.DynamicJson" time="3.911" errors="0" timestamp="2024-07-17T15:06:10 IST" skipped="0">
  <testcase classname="sample.DynamicJson" name="addBook" time="0.120"/>
  <testcase classname="sample.DynamicJson" name="addBook" time="3.635"/>
  <testcase classname="sample.DynamicJson" name="addBook" time="0.156"/>
</testsuite> <!-- sample.DynamicJson -->
